  pach1.cpp
G:\d\收藏\5级\代表作\pach1\pach1\pach1.cpp(293,41): warning C4838: 从“int”转换到“SHORT”需要收缩转换
G:\d\收藏\5级\代表作\pach1\pach1\pach1.cpp(293,41): warning C4309: “初始化”: 截断常量值
D:\luyuyang(2022-2025)\c++\visual\VC\Tools\MSVC\14.44.35207\include\xutility(4813,18): warning C4244: “=”: 从“wchar_t”转换到“char”，可能丢失数据
  (编译源文件“pach1.cpp”)
      D:\luyuyang(2022-2025)\c++\visual\VC\Tools\MSVC\14.44.35207\include\xutility(4813,18):
      模板实例化上下文(最早的实例化上下文)为
          G:\d\收藏\5级\代表作\pach1\pach1\pach1.cpp(174,22):
          查看对正在编译的函数 模板 实例化“std::basic_string<char,std::char_traits<char>,std::allocator<char>>::basic_string<std::_String_iterator<std::_String_val<std::_Simple_types<_Elem>>>,0>(_Iter,_Iter,const _Alloc &)”的引用
          with
          [
              _Elem=wchar_t,
              _Iter=std::_String_iterator<std::_String_val<std::_Simple_types<wchar_t>>>,
              _Alloc=std::allocator<char>
          ]
              G:\d\收藏\5级\代表作\pach1\pach1\pach1.cpp(174,9):
              请参阅 "get_extension_from_url" 中对 "std::basic_string<char,std::char_traits<char>,std::allocator<char>>::basic_string" 的第一个引用
          D:\luyuyang(2022-2025)\c++\visual\VC\Tools\MSVC\14.44.35207\include\xstring(812,17):
          查看对正在编译的函数 模板 实例化“void std::basic_string<char,std::char_traits<char>,std::allocator<char>>::_Construct_from_iter<wchar_t*,wchar_t*,_Size_type>(_Iter,const _Sent,_Size)”的引用
          with
          [
              _Size_type=unsigned int,
              _Iter=wchar_t *,
              _Sent=wchar_t *,
              _Size=unsigned int
          ]
          D:\luyuyang(2022-2025)\c++\visual\VC\Tools\MSVC\14.44.35207\include\xstring(968,18):
          查看对正在编译的函数 模板 实例化“_OutIt *std::_Copy_n_unchecked4<wchar_t*,_Size,char*>(_InIt,_SizeTy,_OutIt)”的引用
          with
          [
              _OutIt=char *,
              _Size=unsigned int,
              _InIt=wchar_t *,
              _SizeTy=unsigned int
          ]
  
  pach1.vcxproj -> G:\d\收藏\5级\代表作\pach1\Debug\pach1.exe
